Determining if the pthread_create exist failed with the following output:
Change Dir: /home/pc/repos/Runner/CMakeFiles/CMakeTmp

Run Build Command:"/usr/bin/make" "cmTC_a5aaf/fast"
/usr/bin/make -f CMakeFiles/cmTC_a5aaf.dir/build.make CMakeFiles/cmTC_a5aaf.dir/build
make[1]: вход в каталог «/home/pc/repos/Runner/CMakeFiles/CMakeTmp»
Building C object CMakeFiles/cmTC_a5aaf.dir/CheckSymbolExists.c.o
/usr/bin/cc    -o CMakeFiles/cmTC_a5aaf.dir/CheckSymbolExists.c.o   -c /home/pc/repos/Runner/CMakeFiles/CMakeTmp/CheckSymbolExists.c
Linking C executable cmTC_a5aaf
/usr/bin/cmake -E cmake_link_script CMakeFiles/cmTC_a5aaf.dir/link.txt --verbose=1
/usr/bin/cc      -rdynamic CMakeFiles/cmTC_a5aaf.dir/CheckSymbolExists.c.o  -o cmTC_a5aaf 
CMakeFiles/cmTC_a5aaf.dir/CheckSymbolExists.c.o: In function `main':
CheckSymbolExists.c:(.text+0x1b): undefined reference to `pthread_create'
collect2: error: ld returned 1 exit status
CMakeFiles/cmTC_a5aaf.dir/build.make:97: recipe for target 'cmTC_a5aaf' failed
make[1]: *** [cmTC_a5aaf] Error 1
make[1]: выход из каталога «/home/pc/repos/Runner/CMakeFiles/CMakeTmp»
Makefile:126: recipe for target 'cmTC_a5aaf/fast' failed
make: *** [cmTC_a5aaf/fast] Error 2

File /home/pc/repos/Runner/CMakeFiles/CMakeTmp/CheckSymbolExists.c:
/* */
#include <pthread.h>

int main(int argc, char** argv)
{
  (void)argv;
#ifndef pthread_create
  return ((int*)(&pthread_create))[argc];
#else
  (void)argc;
  return 0;
#endif
}

Determining if the function pthread_create exists in the pthreads failed with the following output:
Change Dir: /home/pc/repos/Runner/CMakeFiles/CMakeTmp

Run Build Command:"/usr/bin/make" "cmTC_a98e7/fast"
/usr/bin/make -f CMakeFiles/cmTC_a98e7.dir/build.make CMakeFiles/cmTC_a98e7.dir/build
make[1]: вход в каталог «/home/pc/repos/Runner/CMakeFiles/CMakeTmp»
Building C object CMakeFiles/cmTC_a98e7.dir/CheckFunctionExists.c.o
/usr/bin/cc   -DCHECK_FUNCTION_EXISTS=pthread_create   -o CMakeFiles/cmTC_a98e7.dir/CheckFunctionExists.c.o   -c /usr/share/cmake-3.10/Modules/CheckFunctionExists.c
Linking C executable cmTC_a98e7
/usr/bin/cmake -E cmake_link_script CMakeFiles/cmTC_a98e7.dir/link.txt --verbose=1
/usr/bin/cc  -DCHECK_FUNCTION_EXISTS=pthread_create    -rdynamic CMakeFiles/cmTC_a98e7.dir/CheckFunctionExists.c.o  -o cmTC_a98e7 -lpthreads 
/usr/bin/ld: cannot find -lpthreads
collect2: error: ld returned 1 exit status
CMakeFiles/cmTC_a98e7.dir/build.make:97: recipe for target 'cmTC_a98e7' failed
make[1]: *** [cmTC_a98e7] Error 1
make[1]: выход из каталога «/home/pc/repos/Runner/CMakeFiles/CMakeTmp»
Makefile:126: recipe for target 'cmTC_a98e7/fast' failed
make: *** [cmTC_a98e7/fast] Error 2


